<?xml version="1.0" encoding="UTF-8"?>
<testng-results ignored="0" total="1" passed="1" failed="0" skipped="0">
  <reporter-output>
  </reporter-output>
  <suite started-at="2021-08-11T08:04:44Z" name="Default suite" finished-at="2021-08-11T08:04:54Z" duration-ms="10337">
    <groups>
    </groups>
    <test started-at="2021-08-11T08:04:44Z" name="Default test" finished-at="2021-08-11T08:04:54Z" duration-ms="10337">
      <class name="com.selenium.functionalTest.FirstTest">
        <test-method is-config="true" signature="BeforeTest()[pri:0, instance:com.selenium.functionalTest.FirstTest@16b2bb0c]" started-at="2021-08-11T08:04:44Z" name="BeforeTest" finished-at="2021-08-11T08:04:46Z" duration-ms="1931" status="PASS">
          <reporter-output>
          </reporter-output>
        </test-method> <!-- BeforeTest -->
        <test-method signature="firstTestCase()[pri:0, instance:com.selenium.functionalTest.FirstTest@16b2bb0c]" started-at="2021-08-11T08:04:46Z" name="firstTestCase" finished-at="2021-08-11T08:04:54Z" duration-ms="7806" status="PASS">
          <reporter-output>
          </reporter-output>
        </test-method> <!-- firstTestCase -->
        <test-method is-config="true" signature="tearDown()[pri:0, instance:com.selenium.functionalTest.FirstTest@16b2bb0c]" started-at="2021-08-11T08:04:54Z" name="tearDown" finished-at="2021-08-11T08:04:54Z" duration-ms="573" status="PASS">
          <reporter-output>
          </reporter-output>
        </test-method> <!-- tearDown -->
      </class> <!-- com.selenium.functionalTest.FirstTest -->
    </test> <!-- Default test -->
  </suite> <!-- Default suite -->
</testng-results>
