<?xml version="1.0" encoding="UTF-8"?>
<testng-results ignored="0" total="2" passed="2" failed="0" skipped="0">
  <reporter-output>
  </reporter-output>
  <suite started-at="2021-08-06T18:02:51Z" name="SampleSuite" finished-at="2021-08-06T18:03:08Z" duration-ms="17578">
    <groups>
    </groups>
    <test started-at="2021-08-06T18:02:51Z" name="SampleTest" finished-at="2021-08-06T18:02:59Z" duration-ms="8436">
      <class name="com.selenium.functionalTest.FirstTest">
        <test-method is-config="true" signature="BeforeTest()[pri:0, instance:com.selenium.functionalTest.FirstTest@5ef0d29e]" started-at="2021-08-06T18:02:51Z" name="BeforeTest" finished-at="2021-08-06T18:02:51Z" duration-ms="5" status="PASS">
          <reporter-output>
          </reporter-output>
        </test-method> <!-- BeforeTest -->
        <test-method signature="firstTestCase()[pri:0, instance:com.selenium.functionalTest.FirstTest@5ef0d29e]" started-at="2021-08-06T18:02:51Z" name="firstTestCase" finished-at="2021-08-06T18:02:58Z" duration-ms="7836" status="PASS">
          <reporter-output>
          </reporter-output>
        </test-method> <!-- firstTestCase -->
        <test-method is-config="true" signature="tearDown()[pri:0, instance:com.selenium.functionalTest.FirstTest@5ef0d29e]" started-at="2021-08-06T18:02:58Z" name="tearDown" finished-at="2021-08-06T18:02:59Z" duration-ms="573" status="PASS">
          <reporter-output>
          </reporter-output>
        </test-method> <!-- tearDown -->
      </class> <!-- com.selenium.functionalTest.FirstTest -->
    </test> <!-- SampleTest -->
    <test started-at="2021-08-06T18:02:59Z" name="SampleTest2" finished-at="2021-08-06T18:03:08Z" duration-ms="9097">
      <class name="com.selenium.functionalTest.SecondTest">
        <test-method is-config="true" signature="BeforeTest()[pri:0, instance:com.selenium.functionalTest.SecondTest@1849db1a]" started-at="2021-08-06T18:02:59Z" name="BeforeTest" finished-at="2021-08-06T18:02:59Z" duration-ms="0" status="PASS">
          <reporter-output>
          </reporter-output>
        </test-method> <!-- BeforeTest -->
        <test-method signature="secondTestcase()[pri:0, instance:com.selenium.functionalTest.SecondTest@1849db1a]" started-at="2021-08-06T18:02:59Z" name="secondTestcase" finished-at="2021-08-06T18:03:08Z" duration-ms="8497" status="PASS">
          <reporter-output>
          </reporter-output>
        </test-method> <!-- secondTestcase -->
        <test-method is-config="true" signature="tearDown()[pri:0, instance:com.selenium.functionalTest.SecondTest@1849db1a]" started-at="2021-08-06T18:03:08Z" name="tearDown" finished-at="2021-08-06T18:03:08Z" duration-ms="596" status="PASS">
          <reporter-output>
          </reporter-output>
        </test-method> <!-- tearDown -->
      </class> <!-- com.selenium.functionalTest.SecondTest -->
    </test> <!-- SampleTest2 -->
  </suite> <!-- SampleSuite -->
</testng-results>
