<?xml version="1.0" encoding="UTF-8"?>
<testng-results ignored="0" total="2" passed="2" failed="0" skipped="0">
  <reporter-output>
  </reporter-output>
  <suite started-at="2021-08-06T19:28:28Z" name="Command line suite" finished-at="2021-08-06T19:28:44Z" duration-ms="15958">
    <groups>
    </groups>
    <test started-at="2021-08-06T19:28:28Z" name="Command line test" finished-at="2021-08-06T19:28:44Z" duration-ms="15958">
      <class name="com.selenium.functionalTest.SecondTest">
        <test-method signature="secondTestcase()[pri:0, instance:com.selenium.functionalTest.SecondTest@18230356]" started-at="2021-08-06T19:28:36Z" name="secondTestcase" finished-at="2021-08-06T19:28:43Z" duration-ms="7326" status="PASS">
          <reporter-output>
          </reporter-output>
        </test-method> <!-- secondTestcase -->
        <test-method is-config="true" signature="BeforeTest()[pri:0, instance:com.selenium.functionalTest.SecondTest@18230356]" started-at="2021-08-06T19:28:36Z" name="BeforeTest" finished-at="2021-08-06T19:28:36Z" duration-ms="0" status="PASS">
          <reporter-output>
          </reporter-output>
        </test-method> <!-- BeforeTest -->
        <test-method is-config="true" signature="tearDown()[pri:0, instance:com.selenium.functionalTest.SecondTest@18230356]" started-at="2021-08-06T19:28:43Z" name="tearDown" finished-at="2021-08-06T19:28:44Z" duration-ms="581" status="PASS">
          <reporter-output>
          </reporter-output>
        </test-method> <!-- tearDown -->
      </class> <!-- com.selenium.functionalTest.SecondTest -->
      <class name="com.selenium.functionalTest.FirstTest">
        <test-method is-config="true" signature="BeforeTest()[pri:0, instance:com.selenium.functionalTest.FirstTest@422c3c7a]" started-at="2021-08-06T19:28:28Z" name="BeforeTest" finished-at="2021-08-06T19:28:28Z" duration-ms="4" status="PASS">
          <reporter-output>
          </reporter-output>
        </test-method> <!-- BeforeTest -->
        <test-method signature="firstTestCase()[pri:0, instance:com.selenium.functionalTest.FirstTest@422c3c7a]" started-at="2021-08-06T19:28:28Z" name="firstTestCase" finished-at="2021-08-06T19:28:35Z" duration-ms="7483" status="PASS">
          <reporter-output>
          </reporter-output>
        </test-method> <!-- firstTestCase -->
        <test-method is-config="true" signature="tearDown()[pri:0, instance:com.selenium.functionalTest.FirstTest@422c3c7a]" started-at="2021-08-06T19:28:35Z" name="tearDown" finished-at="2021-08-06T19:28:36Z" duration-ms="543" status="PASS">
          <reporter-output>
          </reporter-output>
        </test-method> <!-- tearDown -->
      </class> <!-- com.selenium.functionalTest.FirstTest -->
    </test> <!-- Command line test -->
  </suite> <!-- Command line suite -->
</testng-results>
