<?xml version="1.0" encoding="UTF-8"?>
<testng-results ignored="0" total="2" passed="2" failed="0" skipped="0">
  <reporter-output>
  </reporter-output>
  <suite started-at="2021-08-11T08:10:56Z" name="Command line suite" finished-at="2021-08-11T08:11:12Z" duration-ms="16200">
    <groups>
    </groups>
    <test started-at="2021-08-11T08:10:56Z" name="Command line test" finished-at="2021-08-11T08:11:12Z" duration-ms="16200">
      <class name="com.selenium.functionalTest.FirstTest">
        <test-method is-config="true" signature="BeforeTest()[pri:0, instance:com.selenium.functionalTest.FirstTest@48e4374]" started-at="2021-08-11T08:10:56Z" name="BeforeTest" finished-at="2021-08-11T08:10:58Z" duration-ms="2162" status="PASS">
          <reporter-output>
          </reporter-output>
        </test-method> <!-- BeforeTest -->
        <test-method signature="firstTestCase()[pri:0, instance:com.selenium.functionalTest.FirstTest@48e4374]" started-at="2021-08-11T08:10:58Z" name="firstTestCase" finished-at="2021-08-11T08:11:06Z" duration-ms="7897" status="PASS">
          <reporter-output>
          </reporter-output>
        </test-method> <!-- firstTestCase -->
        <test-method is-config="true" signature="tearDown()[pri:0, instance:com.selenium.functionalTest.FirstTest@48e4374]" started-at="2021-08-11T08:11:06Z" name="tearDown" finished-at="2021-08-11T08:11:06Z" duration-ms="565" status="PASS">
          <reporter-output>
          </reporter-output>
        </test-method> <!-- tearDown -->
      </class> <!-- com.selenium.functionalTest.FirstTest -->
      <class name="com.selenium.functionalTest.SecondTest">
        <test-method is-config="true" signature="BeforeTest()[pri:0, instance:com.selenium.functionalTest.SecondTest@3d680b5a]" started-at="2021-08-11T08:11:06Z" name="BeforeTest" finished-at="2021-08-11T08:11:08Z" duration-ms="1336" status="PASS">
          <reporter-output>
          </reporter-output>
        </test-method> <!-- BeforeTest -->
        <test-method signature="secondTestcase()[pri:0, instance:com.selenium.functionalTest.SecondTest@3d680b5a]" started-at="2021-08-11T08:11:08Z" name="secondTestcase" finished-at="2021-08-11T08:11:11Z" duration-ms="3620" status="PASS">
          <reporter-output>
          </reporter-output>
        </test-method> <!-- secondTestcase -->
        <test-method is-config="true" signature="tearDown()[pri:0, instance:com.selenium.functionalTest.SecondTest@3d680b5a]" started-at="2021-08-11T08:11:11Z" name="tearDown" finished-at="2021-08-11T08:11:12Z" duration-ms="593" status="PASS">
          <reporter-output>
          </reporter-output>
        </test-method> <!-- tearDown -->
      </class> <!-- com.selenium.functionalTest.SecondTest -->
    </test> <!-- Command line test -->
  </suite> <!-- Command line suite -->
</testng-results>
